Build started 15/06/2015 13:42:21.
     1>Project "D:\gamebacon\old-domain.vcxproj" on node 2 (Build target(s)).
     1>Link:
         C:\Program Files (x86)\Microsoft Visual Studio 12.0\VC\bin\link.exe /ERRORREPORT:PROMPT /OUT:"D:\gamebacon\Win32\mac\old-domain.exe" /NOLOGO /LIBPATH:"SFML-2.2-vs2013\lib" "sfml-graphics.lib" "sfml-audio.lib" "sfml-window.lib" "sfml-system.lib" kernel32.lib user32.lib gdi32.lib winspool.lib comdlg32.lib advapi32.lib shell32.lib ole32.lib oleaut32.lib uuid.lib odbc32.lib odbccp32.lib kernel32.lib user32.lib gdi32.lib winspool.lib comdlg32.lib advapi32.lib shell32.lib ole32.lib oleaut32.lib uuid.lib odbc32.lib odbccp32.lib /MANIFEST /MANIFESTUAC:"level='asInvoker' uiAccess='false'" /manifest:embed /DEBUG /PDB:"D:\gamebacon\Win32\mac\old-domain.pdb" /OPT:REF /OPT:ICF /LTCG /TLBID:1 /DYNAMICBASE /NXCOMPAT /IMPLIB:"D:\gamebacon\Win32\mac\old-domain.lib" /MACHINE:X86 /SAFESEH "mac\old-domain.res"
         mac\Character.obj
         mac\main.obj
         mac\Button.obj
         mac\File_Loader.obj
         mac\Game_Manager.obj
         mac\Glissor.obj
         mac\Key_event.obj
         mac\Monster.obj
         mac\My_Sprite.obj
         mac\My_Text.obj
         mac\Ressource.obj
         mac\Tile.obj
         mac\Timer.obj
         Generating code
         Finished generating code
         old-domain.vcxproj -> D:\gamebacon\Win32\mac\old-domain.exe
     1>Done Building Project "D:\gamebacon\old-domain.vcxproj" (Build target(s)).

Build succeeded.

Time Elapsed 00:00:05.57
