c:\users\marc\documents\github\gamejame\release\vc120.pdb
c:\users\marc\documents\github\gamejame\release\timer.obj
c:\users\marc\documents\github\gamejame\release\tile.obj
c:\users\marc\documents\github\gamejame\release\resource.obj
c:\users\marc\documents\github\gamejame\release\my_text.obj
c:\users\marc\documents\github\gamejame\release\my_sprite.obj
c:\users\marc\documents\github\gamejame\release\monster.obj
c:\users\marc\documents\github\gamejame\release\key_event.obj
c:\users\marc\documents\github\gamejame\release\glissor.obj
c:\users\marc\documents\github\gamejame\release\game_manager.obj
c:\users\marc\documents\github\gamejame\release\file_loader.obj
c:\users\marc\documents\github\gamejame\release\button.obj
c:\users\marc\documents\github\gamejame\release\main.obj
c:\users\marc\documents\github\gamejame\release\character.obj
d:\gamebacon\release\old-domain.exe
d:\gamebacon\release\old-domain.pdb
d:\gamebacon\release\old-domain.res
c:\users\marc\documents\github\gamejame\release\old-domain.res
c:\users\marc\documents\github\gamejame\release\my_window.obj
c:\users\marc\documents\github\gamejame\release\old-domain.pdb
c:\users\marc\documents\github\gamejame\release\old-domain.tlog\cl.command.1.tlog
c:\users\marc\documents\github\gamejame\release\old-domain.tlog\cl.read.1.tlog
c:\users\marc\documents\github\gamejame\release\old-domain.tlog\cl.write.1.tlog
c:\users\marc\documents\github\gamejame\release\old-domain.tlog\link.command.1.tlog
c:\users\marc\documents\github\gamejame\release\old-domain.tlog\link.read.1.tlog
c:\users\marc\documents\github\gamejame\release\old-domain.tlog\link.write.1.tlog
c:\users\marc\documents\github\gamejame\release\old-domain.tlog\rc.command.1.tlog
c:\users\marc\documents\github\gamejame\release\old-domain.tlog\rc.read.1.tlog
c:\users\marc\documents\github\gamejame\release\old-domain.tlog\rc.write.1.tlog
