Build started 15/06/2015 19:26:48.
     1>Project "D:\gamebacon\old-domain.vcxproj" on node 2 (Build target(s)).
     1>ClCompile:
         C:\Program Files (x86)\Microsoft Visual Studio 12.0\VC\bin\CL.exe /c /Iinclude /I"SFML-2.2-vs2013\include" /Zi /nologo /W3 /WX- /sdl /O2 /Oi /Oy- /GL /D _MBCS /Gm- /EHsc /MD /GS /Gy /fp:precise /Zc:wchar_t /Zc:forScope /Fo"Release\\" /Fd"Release\vc120.pdb" /Gd /TP /analyze- /errorReport:prompt include\Character.cpp main.cpp src\Button.cpp src\File_Loader.cpp src\Game_Manager.cpp src\Glissor.cpp src\Key_event.cpp src\Monster.cpp src\My_Sprite.cpp src\My_Text.cpp src\Ressource.cpp src\Tile.cpp src\Timer.cpp
         Character.cpp
     1>include\Character.cpp(15): warning C4244: 'argument' : conversion from 'time_t' to 'unsigned int', possible loss of data
     1>include\Character.cpp(134): warning C4553: '==' : operator has no effect; did you intend '='?
     1>include\Character.cpp(143): warning C4553: '==' : operator has no effect; did you intend '='?
         main.cpp
     1>main.cpp(19): warning C4244: 'argument' : conversion from 'int' to 'float', possible loss of data
     1>main.cpp(12): warning C4101: 'time' : unreferenced local variable
         Button.cpp
         File_Loader.cpp
         Game_Manager.cpp
     1>src\Game_Manager.cpp(305): warning C4305: '-=' : truncation from 'double' to 'float'
     1>src\Game_Manager.cpp(423): warning C4244: '=' : conversion from 'float' to 'int', possible loss of data
     1>src\Game_Manager.cpp(424): warning C4244: '=' : conversion from 'float' to 'int', possible loss of data
     1>src\Game_Manager.cpp(493): warning C4305: '+=' : truncation from 'double' to 'float'
     1>src\Game_Manager.cpp(494): warning C4244: '+=' : conversion from 'float' to 'int', possible loss of data
     1>src\Game_Manager.cpp(617): warning C4018: '<' : signed/unsigned mismatch
     1>src\Game_Manager.cpp(574): warning C4101: 'Id' : unreferenced local variable
     1>src\Game_Manager.cpp(680): warning C4244: 'argument' : conversion from 'double' to 'int', possible loss of data
     1>src\Game_Manager.cpp(681): warning C4244: 'argument' : conversion from 'double' to 'int', possible loss of data
     1>src\Game_Manager.cpp(682): warning C4244: 'argument' : conversion from 'double' to 'int', possible loss of data
     1>src\Game_Manager.cpp(925): warning C4244: 'argument' : conversion from 'double' to 'float', possible loss of data
     1>src\Game_Manager.cpp(930): warning C4244: 'argument' : conversion from 'double' to 'float', possible loss of data
     1>src\Game_Manager.cpp(931): warning C4244: 'argument' : conversion from 'double' to 'float', possible loss of data
         Glissor.cpp
     1>src\Glissor.cpp(64): warning C4244: '=' : conversion from 'float' to 'int', possible loss of data
         Key_event.cpp
         Monster.cpp
     1>src\Monster.cpp(12): warning C4244: 'argument' : conversion from 'time_t' to 'unsigned int', possible loss of data
     1>src\Monster.cpp(129): warning C4553: '==' : operator has no effect; did you intend '='?
     1>src\Monster.cpp(138): warning C4553: '==' : operator has no effect; did you intend '='?
         My_Sprite.cpp
     1>src\My_Sprite.cpp(58): warning C4244: '=' : conversion from 'float' to 'int', possible loss of data
     1>src\My_Sprite.cpp(59): warning C4244: '=' : conversion from 'float' to 'int', possible loss of data
     1>src\My_Sprite.cpp(101): warning C4244: '=' : conversion from 'float' to 'int', possible loss of data
     1>src\My_Sprite.cpp(102): warning C4244: '=' : conversion from 'float' to 'int', possible loss of data
     1>src\My_Sprite.cpp(119): warning C4244: '=' : conversion from 'float' to 'int', possible loss of data
     1>src\My_Sprite.cpp(121): warning C4244: '=' : conversion from 'float' to 'int', possible loss of data
     1>src\My_Sprite.cpp(122): warning C4244: '=' : conversion from 'float' to 'int', possible loss of data
     1>src\My_Sprite.cpp(240): warning C4244: 'argument' : conversion from 'int' to 'float', possible loss of data
     1>src\My_Sprite.cpp(251): warning C4244: 'argument' : conversion from 'int' to 'float', possible loss of data
     1>src\My_Sprite.cpp(262): warning C4244: '=' : conversion from 'float' to 'int', possible loss of data
     1>src\My_Sprite.cpp(263): warning C4244: '=' : conversion from 'float' to 'int', possible loss of data
     1>src\My_Sprite.cpp(273): warning C4244: '=' : conversion from 'float' to 'int', possible loss of data
         My_Text.cpp
     1>src\My_Text.cpp(73): warning C4244: 'argument' : conversion from 'int' to 'float', possible loss of data
         Ressource.cpp
     1>src\Ressource.cpp(7): warning C4244: 'argument' : conversion from 'time_t' to 'unsigned int', possible loss of data
         Tile.cpp
     1>src\Tile.cpp(21): warning C4244: 'argument' : conversion from 'time_t' to 'unsigned int', possible loss of data
     1>src\Tile.cpp(58): warning C4244: 'argument' : conversion from 'time_t' to 'unsigned int', possible loss of data
     1>src\Tile.cpp(141): warning C4244: '+=' : conversion from 'double' to 'float', possible loss of data
     1>src\Tile.cpp(196): warning C4244: '=' : conversion from 'int' to 'float', possible loss of data
         Timer.cpp
       Link:
         C:\Program Files (x86)\Microsoft Visual Studio 12.0\VC\bin\link.exe /ERRORREPORT:PROMPT /OUT:"D:\gamebacon\Release\old-domain.exe" /NOLOGO /LIBPATH:"SFML-2.2-vs2013\lib" "sfml-graphics.lib" "sfml-audio.lib" "sfml-window.lib" "sfml-system.lib" kernel32.lib user32.lib gdi32.lib winspool.lib comdlg32.lib advapi32.lib shell32.lib ole32.lib oleaut32.lib uuid.lib odbc32.lib odbccp32.lib kernel32.lib user32.lib gdi32.lib winspool.lib comdlg32.lib advapi32.lib shell32.lib ole32.lib oleaut32.lib uuid.lib odbc32.lib odbccp32.lib /MANIFEST /MANIFESTUAC:"level='asInvoker' uiAccess='false'" /manifest:embed /DEBUG /PDB:"D:\gamebacon\Release\old-domain.pdb" /OPT:REF /OPT:ICF /LTCG /TLBID:1 /DYNAMICBASE /NXCOMPAT /IMPLIB:"D:\gamebacon\Release\old-domain.lib" /MACHINE:X86 /SAFESEH "Release\old-domain.res"
         Release\Character.obj
         Release\main.obj
         Release\Button.obj
         Release\File_Loader.obj
         Release\Game_Manager.obj
         Release\Glissor.obj
         Release\Key_event.obj
         Release\Monster.obj
         Release\My_Sprite.obj
         Release\My_Text.obj
         Release\Ressource.obj
         Release\Tile.obj
         Release\Timer.obj
         Generating code
         Finished generating code
         old-domain.vcxproj -> D:\gamebacon\Release\old-domain.exe
     1>Done Building Project "D:\gamebacon\old-domain.vcxproj" (Build target(s)).

Build succeeded.

Time Elapsed 00:00:34.29
